# JRE version: Java(TM) SE Runtime Environment (8.0_191-b12) (build 1.8.0_191-b12)
# Java VM: Java HotSpot(TM) 64-Bit Server VM (25.191-b12 mixed mode windows-amd64 compressed oops)
Heap:
 PSYoungGen      total 137728K, used 18043K [0x00000000d6200000, 0x00000000e1480000, 0x0000000100000000)
  eden space 129536K, 7% used [0x00000000d6200000,0x00000000d6b9fbe8,0x00000000de080000)
  from space 8192K, 99% used [0x00000000de080000,0x00000000de87f248,0x00000000de880000)
  to   space 10240K, 0% used [0x00000000e0a80000,0x00000000e0a80000,0x00000000e1480000)
 ParOldGen       total 55296K, used 9492K [0x0000000082600000, 0x0000000085c00000, 0x00000000d6200000)
  object space 55296K, 17% used [0x0000000082600000,0x0000000082f451f8,0x0000000085c00000)
 Metaspace       used 31314K, capacity 32408K, committed 32512K, reserved 1077248K
  class space    used 4019K, capacity 4252K, committed 4352K, reserved 1048576K
GC Heap History (10 events):
Event: 2.664 GC heap before
{Heap before GC invocations=4 (full 0):
 PSYoungGen      total 37888K, used 37882K [0x00000000d6200000, 0x00000000dac00000, 0x0000000100000000)
  eden space 32768K, 100% used [0x00000000d6200000,0x00000000d8200000,0x00000000d8200000)
  from space 5120K, 99% used [0x00000000d8200000,0x00000000d86fe860,0x00000000d8700000)
  to   space 5120K, 0% used [0x00000000da700000,0x00000000da700000,0x00000000dac00000)
 ParOldGen       total 86016K, used 924K [0x0000000082600000, 0x0000000087a00000, 0x00000000d6200000)
  object space 86016K, 1% used [0x0000000082600000,0x00000000826e7310,0x0000000087a00000)
 Metaspace       used 17950K, capacity 18448K, committed 18688K, reserved 1064960K
  class space    used 2360K, capacity 2512K, committed 2560K, reserved 1048576K
Event: 2.675 GC heap after
Heap after GC invocations=4 (full 0):
 PSYoungGen      total 70656K, used 5114K [0x00000000d6200000, 0x00000000dac00000, 0x0000000100000000)
  eden space 65536K, 0% used [0x00000000d6200000,0x00000000d6200000,0x00000000da200000)
  from space 5120K, 99% used [0x00000000da700000,0x00000000dabfe8e8,0x00000000dac00000)
  to   space 5120K, 0% used [0x00000000da200000,0x00000000da200000,0x00000000da700000)
 ParOldGen       total 86016K, used 2551K [0x0000000082600000, 0x0000000087a00000, 0x00000000d6200000)
  object space 86016K, 2% used [0x0000000082600000,0x000000008287de48,0x0000000087a00000)
 Metaspace       used 17950K, capacity 18448K, committed 18688K, reserved 1064960K
  class space    used 2360K, capacity 2512K, committed 2560K, reserved 1048576K
}
Event: 3.000 GC heap before
{Heap before GC invocations=5 (full 0):
 PSYoungGen      total 70656K, used 28279K [0x00000000d6200000, 0x00000000dac00000, 0x0000000100000000)
  eden space 65536K, 35% used [0x00000000d6200000,0x00000000d789f710,0x00000000da200000)
  from space 5120K, 99% used [0x00000000da700000,0x00000000dabfe8e8,0x00000000dac00000)
  to   space 5120K, 0% used [0x00000000da200000,0x00000000da200000,0x00000000da700000)
 ParOldGen       total 86016K, used 2551K [0x0000000082600000, 0x0000000087a00000, 0x00000000d6200000)
  object space 86016K, 2% used [0x0000000082600000,0x000000008287de48,0x0000000087a00000)
 Metaspace       used 20622K, capacity 21164K, committed 21248K, reserved 1067008K
  class space    used 2661K, capacity 2798K, committed 2816K, reserved 1048576K
Event: 3.016 GC heap after
Heap after GC invocations=5 (full 0):
 PSYoungGen      total 70656K, used 5092K [0x00000000d6200000, 0x00000000df200000, 0x0000000100000000)
  eden space 65536K, 0% used [0x00000000d6200000,0x00000000d6200000,0x00000000da200000)
  from space 5120K, 99% used [0x00000000da200000,0x00000000da6f9088,0x00000000da700000)
  to   space 8192K, 0% used [0x00000000dea00000,0x00000000dea00000,0x00000000df200000)
 ParOldGen       total 86016K, used 4637K [0x0000000082600000, 0x0000000087a00000, 0x00000000d6200000)
  object space 86016K, 5% used [0x0000000082600000,0x0000000082a87740,0x0000000087a00000)
 Metaspace       used 20622K, capacity 21164K, committed 21248K, reserved 1067008K
  class space    used 2661K, capacity 2798K, committed 2816K, reserved 1048576K
}
Event: 3.016 GC heap before
{Heap before GC invocations=6 (full 1):
 PSYoungGen      total 70656K, used 5092K [0x00000000d6200000, 0x00000000df200000, 0x0000000100000000)
  eden space 65536K, 0% used [0x00000000d6200000,0x00000000d6200000,0x00000000da200000)
  from space 5120K, 99% used [0x00000000da200000,0x00000000da6f9088,0x00000000da700000)
  to   space 8192K, 0% used [0x00000000dea00000,0x00000000dea00000,0x00000000df200000)
 ParOldGen       total 86016K, used 4637K [0x0000000082600000, 0x0000000087a00000, 0x00000000d6200000)
  object space 86016K, 5% used [0x0000000082600000,0x0000000082a87740,0x0000000087a00000)
 Metaspace       used 20622K, capacity 21164K, committed 21248K, reserved 1067008K
  class space    used 2661K, capacity 2798K, committed 2816K, reserved 1048576K
Event: 3.061 GC heap after
Heap after GC invocations=6 (full 1):
 PSYoungGen      total 70656K, used 0K [0x00000000d6200000, 0x00000000df200000, 0x0000000100000000)
  eden space 65536K, 0% used [0x00000000d6200000,0x00000000d6200000,0x00000000da200000)
  from space 5120K, 0% used [0x00000000da200000,0x00000000da200000,0x00000000da700000)
  to   space 8192K, 0% used [0x00000000dea00000,0x00000000dea00000,0x00000000df200000)
 ParOldGen       total 55296K, used 7036K [0x0000000082600000, 0x0000000085c00000, 0x00000000d6200000)
  object space 55296K, 12% used [0x0000000082600000,0x0000000082cdf3c0,0x0000000085c00000)
 Metaspace       used 20622K, capacity 21164K, committed 21248K, reserved 1067008K
  class space    used 2661K, capacity 2798K, committed 2816K, reserved 1048576K
}
Event: 3.979 GC heap before
{Heap before GC invocations=7 (full 1):
 PSYoungGen      total 70656K, used 65536K [0x00000000d6200000, 0x00000000df200000, 0x0000000100000000)
  eden space 65536K, 100% used [0x00000000d6200000,0x00000000da200000,0x00000000da200000)
  from space 5120K, 0% used [0x00000000da200000,0x00000000da200000,0x00000000da700000)
  to   space 8192K, 0% used [0x00000000dea00000,0x00000000dea00000,0x00000000df200000)
 ParOldGen       total 55296K, used 7036K [0x0000000082600000, 0x0000000085c00000, 0x00000000d6200000)
  object space 55296K, 12% used [0x0000000082600000,0x0000000082cdf3c0,0x0000000085c00000)
 Metaspace       used 25446K, capacity 26234K, committed 26368K, reserved 1073152K
  class space    used 3266K, capacity 3463K, committed 3584K, reserved 1048576K
Event: 3.992 GC heap after
Heap after GC invocations=7 (full 1):
 PSYoungGen      total 111104K, used 6538K [0x00000000d6200000, 0x00000000df080000, 0x0000000100000000)
  eden space 104448K, 0% used [0x00000000d6200000,0x00000000d6200000,0x00000000dc800000)
  from space 6656K, 98% used [0x00000000dea00000,0x00000000df0628a8,0x00000000df080000)
  to   space 8192K, 0% used [0x00000000de080000,0x00000000de080000,0x00000000de880000)
 ParOldGen       total 55296K, used 7044K [0x0000000082600000, 0x0000000085c00000, 0x00000000d6200000)
  object space 55296K, 12% used [0x0000000082600000,0x0000000082ce13c0,0x0000000085c00000)
 Metaspace       used 25446K, capacity 26234K, committed 26368K, reserved 1073152K
  class space    used 3266K, capacity 3463K, committed 3584K, reserved 1048576K
}
Event: 6.505 GC heap before
{Heap before GC invocations=8 (full 1):
 PSYoungGen      total 111104K, used 110986K [0x00000000d6200000, 0x00000000df080000, 0x0000000100000000)
  eden space 104448K, 100% used [0x00000000d6200000,0x00000000dc800000,0x00000000dc800000)
  from space 6656K, 98% used [0x00000000dea00000,0x00000000df0628a8,0x00000000df080000)
  to   space 8192K, 0% used [0x00000000de080000,0x00000000de080000,0x00000000de880000)
 ParOldGen       total 55296K, used 7044K [0x0000000082600000, 0x0000000085c00000, 0x00000000d6200000)
  object space 55296K, 12% used [0x0000000082600000,0x0000000082ce13c0,0x0000000085c00000)
 Metaspace       used 31169K, capacity 32246K, committed 32512K, reserved 1077248K
  class space    used 4007K, capacity 4245K, committed 4352K, reserved 1048576K
Event: 6.525 GC heap after
Heap after GC invocations=8 (full 1):
 PSYoungGen      total 137728K, used 8188K [0x00000000d6200000, 0x00000000e1480000, 0x0000000100000000)
  eden space 129536K, 0% used [0x00000000d6200000,0x00000000d6200000,0x00000000de080000)
  from space 8192K, 99% used [0x00000000de080000,0x00000000de87f248,0x00000000de880000)
  to   space 10240K, 0% used [0x00000000e0a80000,0x00000000e0a80000,0x00000000e1480000)
 ParOldGen       total 55296K, used 9492K [0x0000000082600000, 0x0000000085c00000, 0x00000000d6200000)
  object space 55296K, 17% used [0x0000000082600000,0x0000000082f451f8,0x0000000085c00000)
 Metaspace       used 31169K, capacity 32246K, committed 32512K, reserved 1077248K
  class space    used 4007K, capacity 4245K, committed 4352K, reserved 1048576K
}

